


 prob case=wrapper ro equilibrium
 c
 c
 o/f 3
 p,psia  350
 supar 4.84
 pip 23.8
 reac
   fuel  paraffin wt%=100. t,k=298.15
   oxid  N2O wt%=100. t,k=298.15
 output    short
 output trace=1e-5
 end





              THEORETICAL ROCKET PERFORMANCE ASSUMING EQUILIBRIUM

           COMPOSITION DURING EXPANSION FROM INFINITE AREA COMBUSTOR

 Pin =   350.0 PSIA
 CASE = wrapper        

             REACTANT                    WT FRACTION      ENERGY      TEMP
                                          (SEE NOTE)     KJ/KG-MOL      K  
 FUEL        paraffin                     1.0000000  -1860600.000    298.150
 OXIDANT     N2O                          1.0000000     81600.000    298.150

 O/F=    3.00000  %FUEL= 25.000000  R,EQ.RATIO= 3.046176  PHI,EQ.RATIO= 3.046176

                 CHAMBER   THROAT     EXIT     EXIT
 Pinf/P            1.0000   1.8267   23.800   32.697
 P, BAR            24.132   13.211   1.0139  0.73804
 T, K             1995.24  1751.33  1064.62  1026.27
 RHO, KG/CU M    2.9395 0 1.8343 0 2.3910-1 1.8222-1
 H, KJ/KG          926.17   462.24  -949.05 -1080.65
 U, KJ/KG          105.23  -257.99 -1373.11 -1485.68
 G, KJ/KG        -20669.8 -18493.6 -12472.2 -12188.7
 S, KJ/(KG)(K)    10.8237  10.8237  10.8237  10.8237

 M, (1/n)          20.208   20.218   20.874   21.067
 MW, MOL WT        19.868   19.795   19.884   19.892
 (dLV/dLP)t      -1.00148 -1.00187 -1.02839 -1.03407
 (dLV/dLT)p        1.0098   1.0139   1.4626   1.5836
 Cp, KJ/(KG)(K)    1.9884   1.8735   4.7579   5.7207
 GAMMAs            1.2651   1.2883   1.1775   1.1613
 SON VEL,M/SEC     1019.1    963.3    706.6    685.8
 MACH NUMBER        0.000    1.000    2.741    2.921

 PERFORMANCE PARAMETERS

 Ae/At                      1.0000   3.8158   4.8400
 CSTAR, M/SEC               1365.8   1365.8   1365.8
 CF                         0.7053   1.4180   1.4669
 Ivac, M/SEC                1711.0   2155.6   2205.6
 Isp, M/SEC                  963.3   1936.6   2003.4


 MOLE FRACTIONS

 CH3             1.126 -5 2.713 -6 1.670 -9 7.853-10
 CH4             9.8460-4 1.1415-3 4.3456-3 4.5486-3
 *CO             3.3810-1 3.3650-1 2.9528-1 2.8128-1
 *CO2            7.3578-5 1.5434-4 1.5187-2 2.0758-2
 C2H2,acetylene  2.256 -4 3.528 -5 1.687 -9 6.458-10
 C2H4            1.1753-5 4.8298-6 6.8456-8 4.1879-8
 *H              1.7489-4 3.5283-5 5.9675-9 2.7066-9
 HCN             5.1867-3 1.7546-3 5.3073-6 3.0341-6
 HNC             2.5933-4 5.1971-5 9.8064-9 4.3030-9
 *H2             3.0198-1 3.0246-1 2.8573-1 2.8246-1
 H2O             2.9989-4 5.0281-4 1.3178-2 1.6172-2
 NH3             4.8173-5 4.2453-5 3.6930-5 3.3678-5
 *N2             3.3580-1 3.3639-1 3.3881-1 3.3895-1
 C(gr)           1.6833-2 2.0927-2 4.7424-2 5.5797-2

  * THERMODYNAMIC PROPERTIES FITTED TO 20000.K

 NOTE. WEIGHT FRACTION OF FUEL IN TOTAL FUELS AND OF OXIDANT IN TOTAL OXIDANTS



